<?xml version="1.0" encoding="UTF-8"?>
<!-- Generated by org.testng.reporters.JUnitReportReporter -->
<testsuite hostname="Suraj" failures="0" tests="1" name="com.test.LoginTest" time="22.099" errors="0" timestamp="2023-10-22T08:14:41 IST" skipped="0">
  <testcase classname="com.test.LoginTest" name="loginTest" time="22.099"/>
</testsuite> <!-- com.test.LoginTest -->
